c:\users\jergus\documents\ausko-3cast\auskomain\x64\debug\vc143.pdb
c:\users\jergus\documents\ausko-3cast\auskomain\x64\debug\vc143.idb
c:\users\jergus\documents\ausko-3cast\auskomain\x64\debug\hierarchia.obj
c:\users\jergus\documents\ausko-3cast\auskomain\x64\debug\citac.obj
c:\users\jergus\documents\ausko-3cast\auskomain\x64\debug\auskomain.obj
c:\users\jergus\documents\ausko-3cast\auskomain\x64\debug\algoritmus.obj
c:\users\jergus\documents\ausko-3cast\auskomain\x64\debug\simplelist.obj
c:\users\jergus\documents\ausko-3cast\auskomain\x64\debug\simplemap.obj
c:\users\jergus\documents\ausko-3cast\x64\debug\auskomain.exe
c:\users\jergus\documents\ausko-3cast\x64\debug\auskomain.pdb
c:\users\jergus\documents\ausko-3cast\auskomain\x64\debug\auskomain.ilk
c:\users\jergus\documents\ausko-3cast\auskomain\x64\debug\my_containers.obj
c:\users\jergus\documents\ausko-3cast\auskomain\x64\debug\auskomain.new.obj.enc
c:\users\jergus\documents\ausko-3cast\auskomain\x64\debug\hierarchia.new.obj.enc
c:\users\jergus\documents\ausko-3cast\auskomain\x64\debug\auskomain.tlog\cl.command.1.tlog
c:\users\jergus\documents\ausko-3cast\auskomain\x64\debug\auskomain.tlog\cl.items.tlog
c:\users\jergus\documents\ausko-3cast\auskomain\x64\debug\auskomain.tlog\cl.read.1.tlog
c:\users\jergus\documents\ausko-3cast\auskomain\x64\debug\auskomain.tlog\cl.write.1.tlog
c:\users\jergus\documents\ausko-3cast\auskomain\x64\debug\auskomain.tlog\link.command.1.tlog
c:\users\jergus\documents\ausko-3cast\auskomain\x64\debug\auskomain.tlog\link.read.1.tlog
c:\users\jergus\documents\ausko-3cast\auskomain\x64\debug\auskomain.tlog\link.secondary.1.tlog
c:\users\jergus\documents\ausko-3cast\auskomain\x64\debug\auskomain.tlog\link.write.1.tlog
